23:04:43 **** Incremental Build of configuration Debug for project Engine_Game ****
make all 
Building file: ../main.cpp
Invoking: GCC C++ Compiler
g++ -std=c++0x -DDBT_USE_DOUBLE_PRECISION=1 -I/usr/local/include/bullet -I/usr/include/bullet -O0 -g3 -Wall -c -fmessage-length=0 -MMD -MP -MF"main.d" -MT"main.d" -o "main.o" "../main.cpp"
In file included from ../mesh.h:11:0,
                 from ../model.h:13,
                 from ../main.cpp:15:
../shader.h: In constructor ‘Shader::Shader(const char*, const char*, const char*)’:
../shader.h:60:7: warning: unused variable ‘success’ [-Wunused-variable]
   int success;
       ^
../shader.h:61:8: warning: unused variable ‘infoLog’ [-Wunused-variable]
   char infoLog[512];
        ^
In file included from ../main.cpp:15:0:
../model.h: In member function ‘btRigidBody* Model::createRigidBodyFromMesh(float, float, float, float)’:
../model.h:53:20: warning: comparison between signed and unsigned integer expressions [-Wsign-compare]
   for(int i = 0; i < meshes.size(); i++){
                    ^
../model.h:55:21: warning: comparison between signed and unsigned integer expressions [-Wsign-compare]
    for(int j = 0; j < vertices.size(); j++){
                     ^
In file included from ../main.cpp:22:0:
../physics_main.h: In function ‘void cleanPhysics()’:
../physics_main.h:109:18: warning: comparison between signed and unsigned integer expressions [-Wsign-compare]
  for(int i= 0; i < bodies.size(); i++){
                  ^
In file included from ../main.cpp:23:0:
../scene.h: In function ‘void renderSceneContents(const Shader&)’:
../scene.h:48:19: warning: comparison between signed and unsigned integer expressions [-Wsign-compare]
  for(int i = 0; i < bodies.size(); i++){
                   ^
../main.cpp: In function ‘int main()’:
../main.cpp:31:40: warning: ISO C++ forbids converting a string constant to ‘GLchar* {aka char*}’ [-Wwrite-strings]
  Window window(1280, 720, "Shadow Test");
                                        ^
Finished building: ../main.cpp
 
Building target: Engine_Game
Invoking: GCC C++ Linker
g++ -L/usr/local/lib -L/usr/lib/x86_64-linux-gnu -o "Engine_Game"  ./main.o ./window.o   -lGLEW -lglfw -lGL -lassimp -lSOIL -lBulletDynamics -lBulletCollision -lLinearMath -lBulletWorldImporter
Finished building target: Engine_Game
 

23:04:45 Build Finished (took 2s.577ms)

