12:47:16 **** Incremental Build of configuration Debug for project Animation ****
make all 
Building file: ../main.cpp
Invoking: GCC C++ Compiler
g++ -std=c++0x -std=c++11 -DDBT_USE_DOUBLE_PRECISION=1 -I/usr/local/include/bullet -O0 -g3 -Wall -c -fmessage-length=0 -MMD -MP -MF"main.d" -MT"main.d" -o "main.o" "../main.cpp"
In file included from ../Tetris/tetris.h:12:0,
                 from ../scene.h:21,
                 from ../main.cpp:49:
../Tetris/block.h: In member function ‘void Block::draw(Shader)’:
../Tetris/block.h:38:20: warning: comparison between signed and unsigned integer expressions [-Wsign-compare]
   for(int i = 0; i < blocks[blockid][orient].size(); i++) {
                    ^
../Tetris/block.h:39:21: warning: comparison between signed and unsigned integer expressions [-Wsign-compare]
    for(int j = 0; j < blocks[blockid][orient][i].size(); j++) {
                     ^
../Tetris/block.h: In member function ‘void Block::rotateBlock()’:
../Tetris/block.h:53:49: warning: operation on ‘((Block*)this)->Block::orient’ may be undefined [-Wsequence-point]
   orient = (++orient) % (blocks[blockid].size());
                                                 ^
../Tetris/block.h: In member function ‘void Block::urotateBlock()’:
../Tetris/block.h:60:49: warning: operation on ‘((Block*)this)->Block::orient’ may be undefined [-Wsequence-point]
   orient = (--orient) % (blocks[blockid].size());
                                                 ^
../Tetris/block.h: In member function ‘bool Block::checkCollision()’:
../Tetris/block.h:67:22: warning: comparison between signed and unsigned integer expressions [-Wsign-compare]
    for (int i = 0; i < blk.size(); i++) {
                      ^
../Tetris/block.h:68:23: warning: comparison between signed and unsigned integer expressions [-Wsign-compare]
     for (int j = 0; j < blk[i].size(); j++) {
                       ^
../Tetris/block.h:76:22: warning: comparison between signed and unsigned integer expressions [-Wsign-compare]
    for (int i = 0; i < blk.size(); i++) {
                      ^
../Tetris/block.h:77:23: warning: comparison between signed and unsigned integer expressions [-Wsign-compare]
     for (int j = 0; j < blk[i].size(); j++) {
                       ^
../Tetris/block.h:85:22: warning: comparison between signed and unsigned integer expressions [-Wsign-compare]
    for (int i = 0; i < blk.size(); i++) {
                      ^
../Tetris/block.h:86:23: warning: comparison between signed and unsigned integer expressions [-Wsign-compare]
     for (int j = 0; j < blk[i].size(); j++) {
                       ^
../Tetris/block.h: In member function ‘void Block::addtoFrame()’:
../Tetris/block.h:104:21: warning: comparison between signed and unsigned integer expressions [-Wsign-compare]
   for (int i = 0; i < blk.size(); i++) {
                     ^
../Tetris/block.h:105:22: warning: comparison between signed and unsigned integer expressions [-Wsign-compare]
    for (int j = 0; j < blk[i].size(); j++) {
                      ^
In file included from ../scene.h:21:0,
                 from ../main.cpp:49:
../Tetris/tetris.h: In function ‘void drawFrame(Shader)’:
../Tetris/tetris.h:17:19: warning: comparison between signed and unsigned integer expressions [-Wsign-compare]
  for(int i = 0; i < frame.size(); i++) {
                   ^
../Tetris/tetris.h:18:20: warning: comparison between signed and unsigned integer expressions [-Wsign-compare]
   for(int j = 0; j < frame[i].size(); j++) {
                    ^
../Tetris/tetris.h: In function ‘void checkClear()’:
../Tetris/tetris.h:75:19: warning: comparison between signed and unsigned integer expressions [-Wsign-compare]
  for(int i = 0; i < frame.size(); i++){
                   ^
../Tetris/tetris.h:77:20: warning: comparison between signed and unsigned integer expressions [-Wsign-compare]
   for(int j = 0; j < frame[i].size(); j++){
                    ^
In file included from ../main.cpp:50:0:
../game_main.h: In function ‘void game(Window*, Shader, Shader, Shader)’:
../game_main.h:70:9: error: ‘stage’ was not declared in this scope
  switch(stage){
         ^
../main.cpp: In function ‘int main()’:
../main.cpp:70:2: error: ‘stage’ was not declared in this scope
  stage = STAGE_1;
  ^
../main.cpp:166:20: warning: unused variable ‘wind_north’ [-Wunused-variable]
  irrklang::ISound* wind_north = SoundEngine->play2D("sound/wind.wav", true, false, true);
                    ^
../main.cpp:169:20: warning: unused variable ‘north_theme’ [-Wunused-variable]
  irrklang::ISound* north_theme = SoundEngine->play2D("sound/theme_north.wav", true, false, true);
                    ^
make: *** [main.o] Error 1
subdir.mk:21: recipe for target 'main.o' failed
12:47:55 **** Incremental Build of configuration Debug for project Animation ****
make all 
Building file: ../main.cpp
Invoking: GCC C++ Compiler
g++ -std=c++0x -std=c++11 -DDBT_USE_DOUBLE_PRECISION=1 -I/usr/local/include/bullet -O0 -g3 -Wall -c -fmessage-length=0 -MMD -MP -MF"main.d" -MT"main.d" -o "main.o" "../main.cpp"
In file included from ../Tetris/tetris.h:12:0,
                 from ../scene.h:21,
                 from ../main.cpp:49:
../Tetris/block.h: In member function ‘void Block::draw(Shader)’:
../Tetris/block.h:38:20: warning: comparison between signed and unsigned integer expressions [-Wsign-compare]
   for(int i = 0; i < blocks[blockid][orient].size(); i++) {
                    ^
../Tetris/block.h:39:21: warning: comparison between signed and unsigned integer expressions [-Wsign-compare]
    for(int j = 0; j < blocks[blockid][orient][i].size(); j++) {
                     ^
../Tetris/block.h: In member function ‘void Block::rotateBlock()’:
../Tetris/block.h:53:49: warning: operation on ‘((Block*)this)->Block::orient’ may be undefined [-Wsequence-point]
   orient = (++orient) % (blocks[blockid].size());
                                                 ^
../Tetris/block.h: In member function ‘void Block::urotateBlock()’:
../Tetris/block.h:60:49: warning: operation on ‘((Block*)this)->Block::orient’ may be undefined [-Wsequence-point]
   orient = (--orient) % (blocks[blockid].size());
                                                 ^
../Tetris/block.h: In member function ‘bool Block::checkCollision()’:
../Tetris/block.h:67:22: warning: comparison between signed and unsigned integer expressions [-Wsign-compare]
    for (int i = 0; i < blk.size(); i++) {
                      ^
../Tetris/block.h:68:23: warning: comparison between signed and unsigned integer expressions [-Wsign-compare]
     for (int j = 0; j < blk[i].size(); j++) {
                       ^
../Tetris/block.h:76:22: warning: comparison between signed and unsigned integer expressions [-Wsign-compare]
    for (int i = 0; i < blk.size(); i++) {
                      ^
../Tetris/block.h:77:23: warning: comparison between signed and unsigned integer expressions [-Wsign-compare]
     for (int j = 0; j < blk[i].size(); j++) {
                       ^
../Tetris/block.h:85:22: warning: comparison between signed and unsigned integer expressions [-Wsign-compare]
    for (int i = 0; i < blk.size(); i++) {
                      ^
../Tetris/block.h:86:23: warning: comparison between signed and unsigned integer expressions [-Wsign-compare]
     for (int j = 0; j < blk[i].size(); j++) {
                       ^
../Tetris/block.h: In member function ‘void Block::addtoFrame()’:
../Tetris/block.h:104:21: warning: comparison between signed and unsigned integer expressions [-Wsign-compare]
   for (int i = 0; i < blk.size(); i++) {
                     ^
../Tetris/block.h:105:22: warning: comparison between signed and unsigned integer expressions [-Wsign-compare]
    for (int j = 0; j < blk[i].size(); j++) {
                      ^
In file included from ../scene.h:21:0,
                 from ../main.cpp:49:
../Tetris/tetris.h: In function ‘void drawFrame(Shader)’:
../Tetris/tetris.h:17:19: warning: comparison between signed and unsigned integer expressions [-Wsign-compare]
  for(int i = 0; i < frame.size(); i++) {
                   ^
../Tetris/tetris.h:18:20: warning: comparison between signed and unsigned integer expressions [-Wsign-compare]
   for(int j = 0; j < frame[i].size(); j++) {
                    ^
../Tetris/tetris.h: In function ‘void checkClear()’:
../Tetris/tetris.h:75:19: warning: comparison between signed and unsigned integer expressions [-Wsign-compare]
  for(int i = 0; i < frame.size(); i++){
                   ^
../Tetris/tetris.h:77:20: warning: comparison between signed and unsigned integer expressions [-Wsign-compare]
   for(int j = 0; j < frame[i].size(); j++){
                    ^
In file included from ../main.cpp:50:0:
../game_main.h: In function ‘void game(Window*, Shader, Shader, Shader)’:
../game_main.h:70:9: error: ‘player’ was not declared in this scope
  switch(player.data.stage){
         ^
../game_main.h:76:4: error: ‘stage’ was not declared in this scope
    stage = TETRIS;
    ^
../main.cpp: In function ‘int main()’:
../main.cpp:70:2: error: ‘stage’ was not declared in this scope
  stage = STAGE_1;
  ^
../main.cpp:169:20: warning: unused variable ‘north_theme’ [-Wunused-variable]
  irrklang::ISound* north_theme = SoundEngine->play2D("sound/theme_north.wav", true, false, true);
                    ^
../main.cpp:166:20: warning: unused variable ‘wind_north’ [-Wunused-variable]
  irrklang::ISound* wind_north = SoundEngine->play2D("sound/wind.wav", true, false, true);
                    ^
subdir.mk:21: recipe for target 'main.o' failed
make: *** [main.o] Error 1
12:48:39 **** Incremental Build of configuration Debug for project Animation ****
make all 
Building file: ../main.cpp
Invoking: GCC C++ Compiler
g++ -std=c++0x -std=c++11 -DDBT_USE_DOUBLE_PRECISION=1 -I/usr/local/include/bullet -O0 -g3 -Wall -c -fmessage-length=0 -MMD -MP -MF"main.d" -MT"main.d" -o "main.o" "../main.cpp"
In file included from ../Tetris/tetris.h:12:0,
                 from ../scene.h:21,
                 from ../main.cpp:50:
../Tetris/block.h: In member function ‘void Block::draw(Shader)’:
../Tetris/block.h:38:20: warning: comparison between signed and unsigned integer expressions [-Wsign-compare]
   for(int i = 0; i < blocks[blockid][orient].size(); i++) {
                    ^
../Tetris/block.h:39:21: warning: comparison between signed and unsigned integer expressions [-Wsign-compare]
    for(int j = 0; j < blocks[blockid][orient][i].size(); j++) {
                     ^
../Tetris/block.h: In member function ‘void Block::rotateBlock()’:
../Tetris/block.h:53:49: warning: operation on ‘((Block*)this)->Block::orient’ may be undefined [-Wsequence-point]
   orient = (++orient) % (blocks[blockid].size());
                                                 ^
../Tetris/block.h: In member function ‘void Block::urotateBlock()’:
../Tetris/block.h:60:49: warning: operation on ‘((Block*)this)->Block::orient’ may be undefined [-Wsequence-point]
   orient = (--orient) % (blocks[blockid].size());
                                                 ^
../Tetris/block.h: In member function ‘bool Block::checkCollision()’:
../Tetris/block.h:67:22: warning: comparison between signed and unsigned integer expressions [-Wsign-compare]
    for (int i = 0; i < blk.size(); i++) {
                      ^
../Tetris/block.h:68:23: warning: comparison between signed and unsigned integer expressions [-Wsign-compare]
     for (int j = 0; j < blk[i].size(); j++) {
                       ^
../Tetris/block.h:76:22: warning: comparison between signed and unsigned integer expressions [-Wsign-compare]
    for (int i = 0; i < blk.size(); i++) {
                      ^
../Tetris/block.h:77:23: warning: comparison between signed and unsigned integer expressions [-Wsign-compare]
     for (int j = 0; j < blk[i].size(); j++) {
                       ^
../Tetris/block.h:85:22: warning: comparison between signed and unsigned integer expressions [-Wsign-compare]
    for (int i = 0; i < blk.size(); i++) {
                      ^
../Tetris/block.h:86:23: warning: comparison between signed and unsigned integer expressions [-Wsign-compare]
     for (int j = 0; j < blk[i].size(); j++) {
                       ^
../Tetris/block.h: In member function ‘void Block::addtoFrame()’:
../Tetris/block.h:104:21: warning: comparison between signed and unsigned integer expressions [-Wsign-compare]
   for (int i = 0; i < blk.size(); i++) {
                     ^
../Tetris/block.h:105:22: warning: comparison between signed and unsigned integer expressions [-Wsign-compare]
    for (int j = 0; j < blk[i].size(); j++) {
                      ^
In file included from ../scene.h:21:0,
                 from ../main.cpp:50:
../Tetris/tetris.h: In function ‘void drawFrame(Shader)’:
../Tetris/tetris.h:17:19: warning: comparison between signed and unsigned integer expressions [-Wsign-compare]
  for(int i = 0; i < frame.size(); i++) {
                   ^
../Tetris/tetris.h:18:20: warning: comparison between signed and unsigned integer expressions [-Wsign-compare]
   for(int j = 0; j < frame[i].size(); j++) {
                    ^
../Tetris/tetris.h: In function ‘void checkClear()’:
../Tetris/tetris.h:75:19: warning: comparison between signed and unsigned integer expressions [-Wsign-compare]
  for(int i = 0; i < frame.size(); i++){
                   ^
../Tetris/tetris.h:77:20: warning: comparison between signed and unsigned integer expressions [-Wsign-compare]
   for(int j = 0; j < frame[i].size(); j++){
                    ^
In file included from ../main.cpp:51:0:
../game_main.h: In function ‘void game(Window*, Shader, Shader, Shader)’:
../game_main.h:76:4: error: ‘stage’ was not declared in this scope
    stage = TETRIS;
    ^
../main.cpp: In function ‘int main()’:
../main.cpp:71:2: error: ‘stage’ was not declared in this scope
  stage = STAGE_1;
  ^
../main.cpp:170:20: warning: unused variable ‘north_theme’ [-Wunused-variable]
  irrklang::ISound* north_theme = SoundEngine->play2D("sound/theme_north.wav", true, false, true);
                    ^
../main.cpp:167:20: warning: unused variable ‘wind_north’ [-Wunused-variable]
  irrklang::ISound* wind_north = SoundEngine->play2D("sound/wind.wav", true, false, true);
                    ^
subdir.mk:21: recipe for target 'main.o' failed
make: *** [main.o] Error 1
12:49:30 **** Incremental Build of configuration Debug for project Animation ****
make all 
Building file: ../main.cpp
Invoking: GCC C++ Compiler
g++ -std=c++0x -std=c++11 -DDBT_USE_DOUBLE_PRECISION=1 -I/usr/local/include/bullet -O0 -g3 -Wall -c -fmessage-length=0 -MMD -MP -MF"main.d" -MT"main.d" -o "main.o" "../main.cpp"
In file included from ../Tetris/tetris.h:12:0,
                 from ../scene.h:21,
                 from ../main.cpp:50:
../Tetris/block.h: In member function ‘void Block::draw(Shader)’:
../Tetris/block.h:38:20: warning: comparison between signed and unsigned integer expressions [-Wsign-compare]
   for(int i = 0; i < blocks[blockid][orient].size(); i++) {
                    ^
../Tetris/block.h:39:21: warning: comparison between signed and unsigned integer expressions [-Wsign-compare]
    for(int j = 0; j < blocks[blockid][orient][i].size(); j++) {
                     ^
../Tetris/block.h: In member function ‘void Block::rotateBlock()’:
../Tetris/block.h:53:49: warning: operation on ‘((Block*)this)->Block::orient’ may be undefined [-Wsequence-point]
   orient = (++orient) % (blocks[blockid].size());
                                                 ^
../Tetris/block.h: In member function ‘void Block::urotateBlock()’:
../Tetris/block.h:60:49: warning: operation on ‘((Block*)this)->Block::orient’ may be undefined [-Wsequence-point]
   orient = (--orient) % (blocks[blockid].size());
                                                 ^
../Tetris/block.h: In member function ‘bool Block::checkCollision()’:
../Tetris/block.h:67:22: warning: comparison between signed and unsigned integer expressions [-Wsign-compare]
    for (int i = 0; i < blk.size(); i++) {
                      ^
../Tetris/block.h:68:23: warning: comparison between signed and unsigned integer expressions [-Wsign-compare]
     for (int j = 0; j < blk[i].size(); j++) {
                       ^
../Tetris/block.h:76:22: warning: comparison between signed and unsigned integer expressions [-Wsign-compare]
    for (int i = 0; i < blk.size(); i++) {
                      ^
../Tetris/block.h:77:23: warning: comparison between signed and unsigned integer expressions [-Wsign-compare]
     for (int j = 0; j < blk[i].size(); j++) {
                       ^
../Tetris/block.h:85:22: warning: comparison between signed and unsigned integer expressions [-Wsign-compare]
    for (int i = 0; i < blk.size(); i++) {
                      ^
../Tetris/block.h:86:23: warning: comparison between signed and unsigned integer expressions [-Wsign-compare]
     for (int j = 0; j < blk[i].size(); j++) {
                       ^
../Tetris/block.h: In member function ‘void Block::addtoFrame()’:
../Tetris/block.h:104:21: warning: comparison between signed and unsigned integer expressions [-Wsign-compare]
   for (int i = 0; i < blk.size(); i++) {
                     ^
../Tetris/block.h:105:22: warning: comparison between signed and unsigned integer expressions [-Wsign-compare]
    for (int j = 0; j < blk[i].size(); j++) {
                      ^
In file included from ../scene.h:21:0,
                 from ../main.cpp:50:
../Tetris/tetris.h: In function ‘void drawFrame(Shader)’:
../Tetris/tetris.h:17:19: warning: comparison between signed and unsigned integer expressions [-Wsign-compare]
  for(int i = 0; i < frame.size(); i++) {
                   ^
../Tetris/tetris.h:18:20: warning: comparison between signed and unsigned integer expressions [-Wsign-compare]
   for(int j = 0; j < frame[i].size(); j++) {
                    ^
../Tetris/tetris.h: In function ‘void checkClear()’:
../Tetris/tetris.h:75:19: warning: comparison between signed and unsigned integer expressions [-Wsign-compare]
  for(int i = 0; i < frame.size(); i++){
                   ^
../Tetris/tetris.h:77:20: warning: comparison between signed and unsigned integer expressions [-Wsign-compare]
   for(int j = 0; j < frame[i].size(); j++){
                    ^
../main.cpp: In function ‘int main()’:
../main.cpp:71:2: error: ‘stage’ was not declared in this scope
  stage = STAGE_1;
  ^
../main.cpp:170:20: warning: unused variable ‘north_theme’ [-Wunused-variable]
  irrklang::ISound* north_theme = SoundEngine->play2D("sound/theme_north.wav", true, false, true);
                    ^
../main.cpp:167:20: warning: unused variable ‘wind_north’ [-Wunused-variable]
  irrklang::ISound* wind_north = SoundEngine->play2D("sound/wind.wav", true, false, true);
                    ^
make: *** [main.o] Error 1
subdir.mk:21: recipe for target 'main.o' failed
12:49:53 **** Incremental Build of configuration Debug for project Animation ****
make all 
Building file: ../main.cpp
Invoking: GCC C++ Compiler
g++ -std=c++0x -std=c++11 -DDBT_USE_DOUBLE_PRECISION=1 -I/usr/local/include/bullet -O0 -g3 -Wall -c -fmessage-length=0 -MMD -MP -MF"main.d" -MT"main.d" -o "main.o" "../main.cpp"
In file included from ../Tetris/tetris.h:12:0,
                 from ../scene.h:21,
                 from ../main.cpp:50:
../Tetris/block.h: In member function ‘void Block::draw(Shader)’:
../Tetris/block.h:38:20: warning: comparison between signed and unsigned integer expressions [-Wsign-compare]
   for(int i = 0; i < blocks[blockid][orient].size(); i++) {
                    ^
../Tetris/block.h:39:21: warning: comparison between signed and unsigned integer expressions [-Wsign-compare]
    for(int j = 0; j < blocks[blockid][orient][i].size(); j++) {
                     ^
../Tetris/block.h: In member function ‘void Block::rotateBlock()’:
../Tetris/block.h:53:49: warning: operation on ‘((Block*)this)->Block::orient’ may be undefined [-Wsequence-point]
   orient = (++orient) % (blocks[blockid].size());
                                                 ^
../Tetris/block.h: In member function ‘void Block::urotateBlock()’:
../Tetris/block.h:60:49: warning: operation on ‘((Block*)this)->Block::orient’ may be undefined [-Wsequence-point]
   orient = (--orient) % (blocks[blockid].size());
                                                 ^
../Tetris/block.h: In member function ‘bool Block::checkCollision()’:
../Tetris/block.h:67:22: warning: comparison between signed and unsigned integer expressions [-Wsign-compare]
    for (int i = 0; i < blk.size(); i++) {
                      ^
../Tetris/block.h:68:23: warning: comparison between signed and unsigned integer expressions [-Wsign-compare]
     for (int j = 0; j < blk[i].size(); j++) {
                       ^
../Tetris/block.h:76:22: warning: comparison between signed and unsigned integer expressions [-Wsign-compare]
    for (int i = 0; i < blk.size(); i++) {
                      ^
../Tetris/block.h:77:23: warning: comparison between signed and unsigned integer expressions [-Wsign-compare]
     for (int j = 0; j < blk[i].size(); j++) {
                       ^
../Tetris/block.h:85:22: warning: comparison between signed and unsigned integer expressions [-Wsign-compare]
    for (int i = 0; i < blk.size(); i++) {
                      ^
../Tetris/block.h:86:23: warning: comparison between signed and unsigned integer expressions [-Wsign-compare]
     for (int j = 0; j < blk[i].size(); j++) {
                       ^
../Tetris/block.h: In member function ‘void Block::addtoFrame()’:
../Tetris/block.h:104:21: warning: comparison between signed and unsigned integer expressions [-Wsign-compare]
   for (int i = 0; i < blk.size(); i++) {
                     ^
../Tetris/block.h:105:22: warning: comparison between signed and unsigned integer expressions [-Wsign-compare]
    for (int j = 0; j < blk[i].size(); j++) {
                      ^
In file included from ../scene.h:21:0,
                 from ../main.cpp:50:
../Tetris/tetris.h: In function ‘void drawFrame(Shader)’:
../Tetris/tetris.h:17:19: warning: comparison between signed and unsigned integer expressions [-Wsign-compare]
  for(int i = 0; i < frame.size(); i++) {
                   ^
../Tetris/tetris.h:18:20: warning: comparison between signed and unsigned integer expressions [-Wsign-compare]
   for(int j = 0; j < frame[i].size(); j++) {
                    ^
../Tetris/tetris.h: In function ‘void checkClear()’:
../Tetris/tetris.h:75:19: warning: comparison between signed and unsigned integer expressions [-Wsign-compare]
  for(int i = 0; i < frame.size(); i++){
                   ^
../Tetris/tetris.h:77:20: warning: comparison between signed and unsigned integer expressions [-Wsign-compare]
   for(int j = 0; j < frame[i].size(); j++){
                    ^
../main.cpp: In function ‘int main()’:
../main.cpp:170:20: warning: unused variable ‘north_theme’ [-Wunused-variable]
  irrklang::ISound* north_theme = SoundEngine->play2D("sound/theme_north.wav", true, false, true);
                    ^
../main.cpp:167:20: warning: unused variable ‘wind_north’ [-Wunused-variable]
  irrklang::ISound* wind_north = SoundEngine->play2D("sound/wind.wav", true, false, true);
                    ^
Finished building: ../main.cpp
 
Building file: ../window.cpp
Invoking: GCC C++ Compiler
g++ -std=c++0x -std=c++11 -DDBT_USE_DOUBLE_PRECISION=1 -I/usr/local/include/bullet -O0 -g3 -Wall -c -fmessage-length=0 -MMD -MP -MF"window.d" -MT"window.d" -o "window.o" "../window.cpp"
Finished building: ../window.cpp
 
Building target: Animation
Invoking: GCC C++ Linker
g++ -L/usr/local/lib -o "Animation"  ./main.o ./window.o   -lglfw -lpthread -lGL -lGLEW -lassimp -lSOIL -lBulletDynamics -lBulletCollision -lLinearMath -lBulletWorldImporter -lBulletFileLoader -lIrrKlang
Finished building target: Animation
 
13:03:01 **** Incremental Build of configuration Debug for project Animation ****
make all 
Building file: ../main.cpp
Invoking: GCC C++ Compiler
g++ -std=c++0x -std=c++11 -DDBT_USE_DOUBLE_PRECISION=1 -I/usr/local/include/bullet -O0 -g3 -Wall -c -fmessage-length=0 -MMD -MP -MF"main.d" -MT"main.d" -o "main.o" "../main.cpp"
In file included from ../Tetris/tetris.h:12:0,
                 from ../scene.h:21,
                 from ../main.cpp:50:
../Tetris/block.h: In member function ‘void Block::draw(Shader)’:
../Tetris/block.h:38:20: warning: comparison between signed and unsigned integer expressions [-Wsign-compare]
   for(int i = 0; i < blocks[blockid][orient].size(); i++) {
                    ^
../Tetris/block.h:39:21: warning: comparison between signed and unsigned integer expressions [-Wsign-compare]
    for(int j = 0; j < blocks[blockid][orient][i].size(); j++) {
                     ^
../Tetris/block.h: In member function ‘void Block::rotateBlock()’:
../Tetris/block.h:53:49: warning: operation on ‘((Block*)this)->Block::orient’ may be undefined [-Wsequence-point]
   orient = (++orient) % (blocks[blockid].size());
                                                 ^
../Tetris/block.h: In member function ‘void Block::urotateBlock()’:
../Tetris/block.h:60:49: warning: operation on ‘((Block*)this)->Block::orient’ may be undefined [-Wsequence-point]
   orient = (--orient) % (blocks[blockid].size());
                                                 ^
../Tetris/block.h: In member function ‘bool Block::checkCollision()’:
../Tetris/block.h:67:22: warning: comparison between signed and unsigned integer expressions [-Wsign-compare]
    for (int i = 0; i < blk.size(); i++) {
                      ^
../Tetris/block.h:68:23: warning: comparison between signed and unsigned integer expressions [-Wsign-compare]
     for (int j = 0; j < blk[i].size(); j++) {
                       ^
../Tetris/block.h:76:22: warning: comparison between signed and unsigned integer expressions [-Wsign-compare]
    for (int i = 0; i < blk.size(); i++) {
                      ^
../Tetris/block.h:77:23: warning: comparison between signed and unsigned integer expressions [-Wsign-compare]
     for (int j = 0; j < blk[i].size(); j++) {
                       ^
../Tetris/block.h:85:22: warning: comparison between signed and unsigned integer expressions [-Wsign-compare]
    for (int i = 0; i < blk.size(); i++) {
                      ^
../Tetris/block.h:86:23: warning: comparison between signed and unsigned integer expressions [-Wsign-compare]
     for (int j = 0; j < blk[i].size(); j++) {
                       ^
../Tetris/block.h: In member function ‘void Block::addtoFrame()’:
../Tetris/block.h:104:21: warning: comparison between signed and unsigned integer expressions [-Wsign-compare]
   for (int i = 0; i < blk.size(); i++) {
                     ^
../Tetris/block.h:105:22: warning: comparison between signed and unsigned integer expressions [-Wsign-compare]
    for (int j = 0; j < blk[i].size(); j++) {
                      ^
In file included from ../scene.h:21:0,
                 from ../main.cpp:50:
../Tetris/tetris.h: In function ‘void drawFrame(Shader)’:
../Tetris/tetris.h:17:19: warning: comparison between signed and unsigned integer expressions [-Wsign-compare]
  for(int i = 0; i < frame.size(); i++) {
                   ^
../Tetris/tetris.h:18:20: warning: comparison between signed and unsigned integer expressions [-Wsign-compare]
   for(int j = 0; j < frame[i].size(); j++) {
                    ^
../Tetris/tetris.h: In function ‘void checkClear()’:
../Tetris/tetris.h:75:19: warning: comparison between signed and unsigned integer expressions [-Wsign-compare]
  for(int i = 0; i < frame.size(); i++){
                   ^
../Tetris/tetris.h:77:20: warning: comparison between signed and unsigned integer expressions [-Wsign-compare]
   for(int j = 0; j < frame[i].size(); j++){
                    ^
../main.cpp: In function ‘int main()’:
../main.cpp:173:20: warning: unused variable ‘north_theme’ [-Wunused-variable]
  irrklang::ISound* north_theme = SoundEngine->play2D("sound/theme_north.wav", true, false, true);
                    ^
../main.cpp:170:20: warning: unused variable ‘wind_north’ [-Wunused-variable]
  irrklang::ISound* wind_north = SoundEngine->play2D("sound/wind.wav", true, false, true);
                    ^
Finished building: ../main.cpp
 
Building file: ../window.cpp
Invoking: GCC C++ Compiler
g++ -std=c++0x -std=c++11 -DDBT_USE_DOUBLE_PRECISION=1 -I/usr/local/include/bullet -O0 -g3 -Wall -c -fmessage-length=0 -MMD -MP -MF"window.d" -MT"window.d" -o "window.o" "../window.cpp"
Finished building: ../window.cpp
 
Building target: Animation
Invoking: GCC C++ Linker
g++ -L/usr/local/lib -o "Animation"  ./main.o ./window.o   -lglfw -lpthread -lGL -lGLEW -lassimp -lSOIL -lBulletDynamics -lBulletCollision -lLinearMath -lBulletWorldImporter -lBulletFileLoader -lIrrKlang
Finished building target: Animation
 
13:08:42 **** Incremental Build of configuration Debug for project Animation ****
make all 
Building file: ../main.cpp
Invoking: GCC C++ Compiler
g++ -std=c++0x -std=c++11 -DDBT_USE_DOUBLE_PRECISION=1 -I/usr/local/include/bullet -O0 -g3 -Wall -c -fmessage-length=0 -MMD -MP -MF"main.d" -MT"main.d" -o "main.o" "../main.cpp"
In file included from ../Tetris/tetris.h:12:0,
                 from ../scene.h:21,
                 from ../main.cpp:50:
../Tetris/block.h: In member function ‘void Block::draw(Shader)’:
../Tetris/block.h:38:20: warning: comparison between signed and unsigned integer expressions [-Wsign-compare]
   for(int i = 0; i < blocks[blockid][orient].size(); i++) {
                    ^
../Tetris/block.h:39:21: warning: comparison between signed and unsigned integer expressions [-Wsign-compare]
    for(int j = 0; j < blocks[blockid][orient][i].size(); j++) {
                     ^
../Tetris/block.h: In member function ‘void Block::rotateBlock()’:
../Tetris/block.h:53:49: warning: operation on ‘((Block*)this)->Block::orient’ may be undefined [-Wsequence-point]
   orient = (++orient) % (blocks[blockid].size());
                                                 ^
../Tetris/block.h: In member function ‘void Block::urotateBlock()’:
../Tetris/block.h:60:49: warning: operation on ‘((Block*)this)->Block::orient’ may be undefined [-Wsequence-point]
   orient = (--orient) % (blocks[blockid].size());
                                                 ^
../Tetris/block.h: In member function ‘bool Block::checkCollision()’:
../Tetris/block.h:67:22: warning: comparison between signed and unsigned integer expressions [-Wsign-compare]
    for (int i = 0; i < blk.size(); i++) {
                      ^
../Tetris/block.h:68:23: warning: comparison between signed and unsigned integer expressions [-Wsign-compare]
     for (int j = 0; j < blk[i].size(); j++) {
                       ^
../Tetris/block.h:76:22: warning: comparison between signed and unsigned integer expressions [-Wsign-compare]
    for (int i = 0; i < blk.size(); i++) {
                      ^
../Tetris/block.h:77:23: warning: comparison between signed and unsigned integer expressions [-Wsign-compare]
     for (int j = 0; j < blk[i].size(); j++) {
                       ^
../Tetris/block.h:85:22: warning: comparison between signed and unsigned integer expressions [-Wsign-compare]
    for (int i = 0; i < blk.size(); i++) {
                      ^
../Tetris/block.h:86:23: warning: comparison between signed and unsigned integer expressions [-Wsign-compare]
     for (int j = 0; j < blk[i].size(); j++) {
                       ^
../Tetris/block.h: In member function ‘void Block::addtoFrame()’:
../Tetris/block.h:104:21: warning: comparison between signed and unsigned integer expressions [-Wsign-compare]
   for (int i = 0; i < blk.size(); i++) {
                     ^
../Tetris/block.h:105:22: warning: comparison between signed and unsigned integer expressions [-Wsign-compare]
    for (int j = 0; j < blk[i].size(); j++) {
                      ^
In file included from ../scene.h:21:0,
                 from ../main.cpp:50:
../Tetris/tetris.h: In function ‘void drawFrame(Shader)’:
../Tetris/tetris.h:17:19: warning: comparison between signed and unsigned integer expressions [-Wsign-compare]
  for(int i = 0; i < frame.size(); i++) {
                   ^
../Tetris/tetris.h:18:20: warning: comparison between signed and unsigned integer expressions [-Wsign-compare]
   for(int j = 0; j < frame[i].size(); j++) {
                    ^
../Tetris/tetris.h: In function ‘void checkClear()’:
../Tetris/tetris.h:75:19: warning: comparison between signed and unsigned integer expressions [-Wsign-compare]
  for(int i = 0; i < frame.size(); i++){
                   ^
../Tetris/tetris.h:77:20: warning: comparison between signed and unsigned integer expressions [-Wsign-compare]
   for(int j = 0; j < frame[i].size(); j++){
                    ^
../main.cpp: In function ‘int main()’:
../main.cpp:176:20: warning: unused variable ‘north_theme’ [-Wunused-variable]
  irrklang::ISound* north_theme = SoundEngine->play2D("sound/theme_north.wav", true, false, true);
                    ^
../main.cpp:173:20: warning: unused variable ‘wind_north’ [-Wunused-variable]
  irrklang::ISound* wind_north = SoundEngine->play2D("sound/wind.wav", true, false, true);
                    ^
Finished building: ../main.cpp
 
Building file: ../window.cpp
Invoking: GCC C++ Compiler
g++ -std=c++0x -std=c++11 -DDBT_USE_DOUBLE_PRECISION=1 -I/usr/local/include/bullet -O0 -g3 -Wall -c -fmessage-length=0 -MMD -MP -MF"window.d" -MT"window.d" -o "window.o" "../window.cpp"
Finished building: ../window.cpp
 
Building target: Animation
Invoking: GCC C++ Linker
g++ -L/usr/local/lib -o "Animation"  ./main.o ./window.o   -lglfw -lpthread -lGL -lGLEW -lassimp -lSOIL -lBulletDynamics -lBulletCollision -lLinearMath -lBulletWorldImporter -lBulletFileLoader -lIrrKlang
Finished building target: Animation
 
13:12:41 **** Incremental Build of configuration Debug for project Animation ****
make all 
Building file: ../main.cpp
Invoking: GCC C++ Compiler
g++ -std=c++0x -std=c++11 -DDBT_USE_DOUBLE_PRECISION=1 -I/usr/local/include/bullet -O0 -g3 -Wall -c -fmessage-length=0 -MMD -MP -MF"main.d" -MT"main.d" -o "main.o" "../main.cpp"
In file included from ../Tetris/tetris.h:12:0,
                 from ../scene.h:21,
                 from ../main.cpp:50:
../Tetris/block.h: In member function ‘void Block::draw(Shader)’:
../Tetris/block.h:38:20: warning: comparison between signed and unsigned integer expressions [-Wsign-compare]
   for(int i = 0; i < blocks[blockid][orient].size(); i++) {
                    ^
../Tetris/block.h:39:21: warning: comparison between signed and unsigned integer expressions [-Wsign-compare]
    for(int j = 0; j < blocks[blockid][orient][i].size(); j++) {
                     ^
../Tetris/block.h: In member function ‘void Block::rotateBlock()’:
../Tetris/block.h:53:49: warning: operation on ‘((Block*)this)->Block::orient’ may be undefined [-Wsequence-point]
   orient = (++orient) % (blocks[blockid].size());
                                                 ^
../Tetris/block.h: In member function ‘void Block::urotateBlock()’:
../Tetris/block.h:60:49: warning: operation on ‘((Block*)this)->Block::orient’ may be undefined [-Wsequence-point]
   orient = (--orient) % (blocks[blockid].size());
                                                 ^
../Tetris/block.h: In member function ‘bool Block::checkCollision()’:
../Tetris/block.h:67:22: warning: comparison between signed and unsigned integer expressions [-Wsign-compare]
    for (int i = 0; i < blk.size(); i++) {
                      ^
../Tetris/block.h:68:23: warning: comparison between signed and unsigned integer expressions [-Wsign-compare]
     for (int j = 0; j < blk[i].size(); j++) {
                       ^
../Tetris/block.h:76:22: warning: comparison between signed and unsigned integer expressions [-Wsign-compare]
    for (int i = 0; i < blk.size(); i++) {
                      ^
../Tetris/block.h:77:23: warning: comparison between signed and unsigned integer expressions [-Wsign-compare]
     for (int j = 0; j < blk[i].size(); j++) {
                       ^
../Tetris/block.h:85:22: warning: comparison between signed and unsigned integer expressions [-Wsign-compare]
    for (int i = 0; i < blk.size(); i++) {
                      ^
../Tetris/block.h:86:23: warning: comparison between signed and unsigned integer expressions [-Wsign-compare]
     for (int j = 0; j < blk[i].size(); j++) {
                       ^
../Tetris/block.h: In member function ‘void Block::addtoFrame()’:
../Tetris/block.h:104:21: warning: comparison between signed and unsigned integer expressions [-Wsign-compare]
   for (int i = 0; i < blk.size(); i++) {
                     ^
../Tetris/block.h:105:22: warning: comparison between signed and unsigned integer expressions [-Wsign-compare]
    for (int j = 0; j < blk[i].size(); j++) {
                      ^
In file included from ../scene.h:21:0,
                 from ../main.cpp:50:
../Tetris/tetris.h: In function ‘void drawFrame(Shader)’:
../Tetris/tetris.h:17:19: warning: comparison between signed and unsigned integer expressions [-Wsign-compare]
  for(int i = 0; i < frame.size(); i++) {
                   ^
../Tetris/tetris.h:18:20: warning: comparison between signed and unsigned integer expressions [-Wsign-compare]
   for(int j = 0; j < frame[i].size(); j++) {
                    ^
../Tetris/tetris.h: In function ‘void checkClear()’:
../Tetris/tetris.h:75:19: warning: comparison between signed and unsigned integer expressions [-Wsign-compare]
  for(int i = 0; i < frame.size(); i++){
                   ^
../Tetris/tetris.h:77:20: warning: comparison between signed and unsigned integer expressions [-Wsign-compare]
   for(int j = 0; j < frame[i].size(); j++){
                    ^
../main.cpp: In function ‘int main()’:
../main.cpp:173:20: warning: unused variable ‘wind_north’ [-Wunused-variable]
  irrklang::ISound* wind_north = SoundEngine->play2D("sound/wind.wav", true, false, true);
                    ^
../main.cpp:176:20: warning: unused variable ‘north_theme’ [-Wunused-variable]
  irrklang::ISound* north_theme = SoundEngine->play2D("sound/theme_north.wav", true, false, true);
                    ^
Finished building: ../main.cpp
 
Building file: ../window.cpp
Invoking: GCC C++ Compiler
g++ -std=c++0x -std=c++11 -DDBT_USE_DOUBLE_PRECISION=1 -I/usr/local/include/bullet -O0 -g3 -Wall -c -fmessage-length=0 -MMD -MP -MF"window.d" -MT"window.d" -o "window.o" "../window.cpp"
Finished building: ../window.cpp
 
Building target: Animation
Invoking: GCC C++ Linker
g++ -L/usr/local/lib -o "Animation"  ./main.o ./window.o   -lglfw -lpthread -lGL -lGLEW -lassimp -lSOIL -lBulletDynamics -lBulletCollision -lLinearMath -lBulletWorldImporter -lBulletFileLoader -lIrrKlang
Finished building target: Animation
 
13:13:34 **** Incremental Build of configuration Debug for project Animation ****
make all 
Building file: ../main.cpp
Invoking: GCC C++ Compiler
g++ -std=c++0x -std=c++11 -DDBT_USE_DOUBLE_PRECISION=1 -I/usr/local/include/bullet -O0 -g3 -Wall -c -fmessage-length=0 -MMD -MP -MF"main.d" -MT"main.d" -o "main.o" "../main.cpp"
In file included from ../Tetris/tetris.h:12:0,
                 from ../scene.h:21,
                 from ../main.cpp:50:
../Tetris/block.h: In member function ‘void Block::draw(Shader)’:
../Tetris/block.h:38:20: warning: comparison between signed and unsigned integer expressions [-Wsign-compare]
   for(int i = 0; i < blocks[blockid][orient].size(); i++) {
                    ^
../Tetris/block.h:39:21: warning: comparison between signed and unsigned integer expressions [-Wsign-compare]
    for(int j = 0; j < blocks[blockid][orient][i].size(); j++) {
                     ^
../Tetris/block.h: In member function ‘void Block::rotateBlock()’:
../Tetris/block.h:53:49: warning: operation on ‘((Block*)this)->Block::orient’ may be undefined [-Wsequence-point]
   orient = (++orient) % (blocks[blockid].size());
                                                 ^
../Tetris/block.h: In member function ‘void Block::urotateBlock()’:
../Tetris/block.h:60:49: warning: operation on ‘((Block*)this)->Block::orient’ may be undefined [-Wsequence-point]
   orient = (--orient) % (blocks[blockid].size());
                                                 ^
../Tetris/block.h: In member function ‘bool Block::checkCollision()’:
../Tetris/block.h:67:22: warning: comparison between signed and unsigned integer expressions [-Wsign-compare]
    for (int i = 0; i < blk.size(); i++) {
                      ^
../Tetris/block.h:68:23: warning: comparison between signed and unsigned integer expressions [-Wsign-compare]
     for (int j = 0; j < blk[i].size(); j++) {
                       ^
../Tetris/block.h:76:22: warning: comparison between signed and unsigned integer expressions [-Wsign-compare]
    for (int i = 0; i < blk.size(); i++) {
                      ^
../Tetris/block.h:77:23: warning: comparison between signed and unsigned integer expressions [-Wsign-compare]
     for (int j = 0; j < blk[i].size(); j++) {
                       ^
../Tetris/block.h:85:22: warning: comparison between signed and unsigned integer expressions [-Wsign-compare]
    for (int i = 0; i < blk.size(); i++) {
                      ^
../Tetris/block.h:86:23: warning: comparison between signed and unsigned integer expressions [-Wsign-compare]
     for (int j = 0; j < blk[i].size(); j++) {
                       ^
../Tetris/block.h: In member function ‘void Block::addtoFrame()’:
../Tetris/block.h:104:21: warning: comparison between signed and unsigned integer expressions [-Wsign-compare]
   for (int i = 0; i < blk.size(); i++) {
                     ^
../Tetris/block.h:105:22: warning: comparison between signed and unsigned integer expressions [-Wsign-compare]
    for (int j = 0; j < blk[i].size(); j++) {
                      ^
In file included from ../scene.h:21:0,
                 from ../main.cpp:50:
../Tetris/tetris.h: In function ‘void drawFrame(Shader)’:
../Tetris/tetris.h:17:19: warning: comparison between signed and unsigned integer expressions [-Wsign-compare]
  for(int i = 0; i < frame.size(); i++) {
                   ^
../Tetris/tetris.h:18:20: warning: comparison between signed and unsigned integer expressions [-Wsign-compare]
   for(int j = 0; j < frame[i].size(); j++) {
                    ^
../Tetris/tetris.h: In function ‘void checkClear()’:
../Tetris/tetris.h:75:19: warning: comparison between signed and unsigned integer expressions [-Wsign-compare]
  for(int i = 0; i < frame.size(); i++){
                   ^
../Tetris/tetris.h:77:20: warning: comparison between signed and unsigned integer expressions [-Wsign-compare]
   for(int j = 0; j < frame[i].size(); j++){
                    ^
../main.cpp: In function ‘int main()’:
../main.cpp:173:20: warning: unused variable ‘wind_north’ [-Wunused-variable]
  irrklang::ISound* wind_north = SoundEngine->play2D("sound/wind.wav", true, false, true);
                    ^
../main.cpp:176:20: warning: unused variable ‘north_theme’ [-Wunused-variable]
  irrklang::ISound* north_theme = SoundEngine->play2D("sound/theme_north.wav", true, false, true);
                    ^
Finished building: ../main.cpp
 
Building file: ../window.cpp
Invoking: GCC C++ Compiler
g++ -std=c++0x -std=c++11 -DDBT_USE_DOUBLE_PRECISION=1 -I/usr/local/include/bullet -O0 -g3 -Wall -c -fmessage-length=0 -MMD -MP -MF"window.d" -MT"window.d" -o "window.o" "../window.cpp"
Finished building: ../window.cpp
 
Building target: Animation
Invoking: GCC C++ Linker
g++ -L/usr/local/lib -o "Animation"  ./main.o ./window.o   -lglfw -lpthread -lGL -lGLEW -lassimp -lSOIL -lBulletDynamics -lBulletCollision -lLinearMath -lBulletWorldImporter -lBulletFileLoader -lIrrKlang
Finished building target: Animation
 
13:15:55 **** Incremental Build of configuration Debug for project Animation ****
make all 
Building file: ../main.cpp
Invoking: GCC C++ Compiler
g++ -std=c++0x -std=c++11 -DDBT_USE_DOUBLE_PRECISION=1 -I/usr/local/include/bullet -O0 -g3 -Wall -c -fmessage-length=0 -MMD -MP -MF"main.d" -MT"main.d" -o "main.o" "../main.cpp"
In file included from ../Tetris/tetris.h:12:0,
                 from ../scene.h:26,
                 from ../main.cpp:50:
../Tetris/block.h: In member function ‘void Block::draw(Shader)’:
../Tetris/block.h:38:20: warning: comparison between signed and unsigned integer expressions [-Wsign-compare]
   for(int i = 0; i < blocks[blockid][orient].size(); i++) {
                    ^
../Tetris/block.h:39:21: warning: comparison between signed and unsigned integer expressions [-Wsign-compare]
    for(int j = 0; j < blocks[blockid][orient][i].size(); j++) {
                     ^
../Tetris/block.h: In member function ‘void Block::rotateBlock()’:
../Tetris/block.h:53:49: warning: operation on ‘((Block*)this)->Block::orient’ may be undefined [-Wsequence-point]
   orient = (++orient) % (blocks[blockid].size());
                                                 ^
../Tetris/block.h: In member function ‘void Block::urotateBlock()’:
../Tetris/block.h:60:49: warning: operation on ‘((Block*)this)->Block::orient’ may be undefined [-Wsequence-point]
   orient = (--orient) % (blocks[blockid].size());
                                                 ^
../Tetris/block.h: In member function ‘bool Block::checkCollision()’:
../Tetris/block.h:67:22: warning: comparison between signed and unsigned integer expressions [-Wsign-compare]
    for (int i = 0; i < blk.size(); i++) {
                      ^
../Tetris/block.h:68:23: warning: comparison between signed and unsigned integer expressions [-Wsign-compare]
     for (int j = 0; j < blk[i].size(); j++) {
                       ^
../Tetris/block.h:76:22: warning: comparison between signed and unsigned integer expressions [-Wsign-compare]
    for (int i = 0; i < blk.size(); i++) {
                      ^
../Tetris/block.h:77:23: warning: comparison between signed and unsigned integer expressions [-Wsign-compare]
     for (int j = 0; j < blk[i].size(); j++) {
                       ^
../Tetris/block.h:85:22: warning: comparison between signed and unsigned integer expressions [-Wsign-compare]
    for (int i = 0; i < blk.size(); i++) {
                      ^
../Tetris/block.h:86:23: warning: comparison between signed and unsigned integer expressions [-Wsign-compare]
     for (int j = 0; j < blk[i].size(); j++) {
                       ^
../Tetris/block.h: In member function ‘void Block::addtoFrame()’:
../Tetris/block.h:104:21: warning: comparison between signed and unsigned integer expressions [-Wsign-compare]
   for (int i = 0; i < blk.size(); i++) {
                     ^
../Tetris/block.h:105:22: warning: comparison between signed and unsigned integer expressions [-Wsign-compare]
    for (int j = 0; j < blk[i].size(); j++) {
                      ^
In file included from ../scene.h:26:0,
                 from ../main.cpp:50:
../Tetris/tetris.h: In function ‘void drawFrame(Shader)’:
../Tetris/tetris.h:17:19: warning: comparison between signed and unsigned integer expressions [-Wsign-compare]
  for(int i = 0; i < frame.size(); i++) {
                   ^
../Tetris/tetris.h:18:20: warning: comparison between signed and unsigned integer expressions [-Wsign-compare]
   for(int j = 0; j < frame[i].size(); j++) {
                    ^
../Tetris/tetris.h: In function ‘void checkClear()’:
../Tetris/tetris.h:75:19: warning: comparison between signed and unsigned integer expressions [-Wsign-compare]
  for(int i = 0; i < frame.size(); i++){
                   ^
../Tetris/tetris.h:77:20: warning: comparison between signed and unsigned integer expressions [-Wsign-compare]
   for(int j = 0; j < frame[i].size(); j++){
                    ^
../main.cpp: In function ‘int main()’:
../main.cpp:168:20: warning: unused variable ‘wind_north’ [-Wunused-variable]
  irrklang::ISound* wind_north = SoundEngine->play2D("sound/wind.wav", true, false, true);
                    ^
../main.cpp:171:20: warning: unused variable ‘north_theme’ [-Wunused-variable]
  irrklang::ISound* north_theme = SoundEngine->play2D("sound/theme_north.wav", true, false, true);
                    ^
Finished building: ../main.cpp
 
Building file: ../window.cpp
Invoking: GCC C++ Compiler
g++ -std=c++0x -std=c++11 -DDBT_USE_DOUBLE_PRECISION=1 -I/usr/local/include/bullet -O0 -g3 -Wall -c -fmessage-length=0 -MMD -MP -MF"window.d" -MT"window.d" -o "window.o" "../window.cpp"
Finished building: ../window.cpp
 
Building target: Animation
Invoking: GCC C++ Linker
g++ -L/usr/local/lib -o "Animation"  ./main.o ./window.o   -lglfw -lpthread -lGL -lGLEW -lassimp -lSOIL -lBulletDynamics -lBulletCollision -lLinearMath -lBulletWorldImporter -lBulletFileLoader -lIrrKlang
Finished building target: Animation
 
